app/build/outputs/logs/manifest-merger-debug-report.txt
-- Merging decision tree log ---
manifest
ADDED from src\main\AndroidManifest.xml:2:1-113:12
INJECTED from src\main\AndroidManifest.xml:2:1-113:12
INJECTED from src\main\AndroidManifest.xml:2:1-113:12
INJECTED from src\main\AndroidManifest.xml:2:1-113:12
MERGED from [:registerlibrary] AndroidManifest.xml:2:1-50:12
MERGED from [:gazelibrary] AndroidManifest.xml:2:1-56:12
MERGED from [:identifylibrary] AndroidManifest.xml:2:1-49:12
MERGED from [:drivermonitorlibrary] AndroidManifest.xml:2:1-55:12
MERGED from [:attendancelibrary] AndroidManifest.xml:2:1-49:12
MERGED from [:financelibrary] AndroidManifest.xml:2:1-24:12
MERGED from [:gatelibrary] AndroidManifest.xml:2:1-29:12
MERGED from [:paymentlibrary] AndroidManifest.xml:2:1-28:12
MERGED from [:attrbutelibrary] AndroidManifest.xml:2:1-33:12
MERGED from [androidx.constraintlayout:constraintlayout:1.1.3] AndroidManifest.xml:2:1-11:12
MERGED from [:face-sdk-library] AndroidManifest.xml:2:1-11:12
MERGED from [:settinglibrary] AndroidManifest.xml:2:1-31:12
MERGED from [:datalibrary] AndroidManifest.xml:2:1-11:12
MERGED from [androidx.appcompat:appcompat:1.0.2] AndroidManifest.xml:17:1-22:12
MERGED from [androidx.recyclerview:recyclerview:1.0.0] AndroidManifest.xml:17:1-22:12
MERGED from [me.jessyan:autosize:0.9.5] AndroidManifest.xml:2:1-19:12
MERGED from [:facelibrary] AndroidManifest.xml:2:1-17:12
MERGED from [orbbec_module-debug.aar] AndroidManifest.xml:2:1-11:12
MERGED from [ImiSDK.aar] AndroidManifest.xml:2:1-11:12
MERGED from [deptrumSDK.aar] AndroidManifest.xml:2:1-11:12
MERGED from [opencv.aar] AndroidManifest.xml:2:1-11:12
MERGED from [FaceSDK_8.1_20230216-release.aar] AndroidManifest.xml:2:1-17:12
MERGED from [androidx.fragment:fragment:1.0.0] AndroidManifest.xml:17:1-22:12
MERGED from [androidx.vectordrawable:vectordrawable-animated:1.0.0] AndroidManifest.xml:17:1-22:12
MERGED from [androidx.legacy:legacy-support-core-ui:1.0.0] AndroidManifest.xml:17:1-22:12
MERGED from [androidx.legacy:legacy-support-core-utils:1.0.0] AndroidManifest.xml:17:1-22:12
MERGED from [androidx.vectordrawable:vectordrawable:1.0.1] AndroidManifest.xml:17:1-22:12
MERGED from [androidx.viewpager:viewpager:1.0.0] AndroidManifest.xml:17:1-22:12
MERGED from [androidx.coordinatorlayout:coordinatorlayout:1.0.0] AndroidManifest.xml:17:1-22:12
MERGED from [androidx.drawerlayout:drawerlayout:1.0.0] AndroidManifest.xml:17:1-22:12
MERGED from [androidx.slidingpanelayout:slidingpanelayout:1.0.0] AndroidManifest.xml:17:1-22:12
MERGED from [androidx.customview:customview:1.0.0] AndroidManifest.xml:17:1-22:12
MERGED from [androidx.swiperefreshlayout:swiperefreshlayout:1.0.0] AndroidManifest.xml:17:1-22:12
MERGED from [androidx.asynclayoutinflater:asynclayoutinflater:1.0.0] AndroidManifest.xml:17:1-22:12
MERGED from [androidx.loader:loader:1.0.0] AndroidManifest.xml:17:1-22:12
MERGED from [androidx.core:core:1.0.1] AndroidManifest.xml:17:1-24:12
MERGED from [androidx.versionedparcelable:versionedparcelable:1.0.0] AndroidManifest.xml:17:1-25:12
MERGED from [androidx.cursoradapter:cursoradapter:1.0.0] AndroidManifest.xml:17:1-22:12
MERGED from [androidx.interpolator:interpolator:1.0.0] AndroidManifest.xml:17:1-22:12
MERGED from [androidx.lifecycle:lifecycle-runtime:2.0.0] AndroidManifest.xml:17:1-22:12
MERGED from [androidx.documentfile:documentfile:1.0.0] AndroidManifest.xml:17:1-22:12
MERGED from [androidx.localbroadcastmanager:localbroadcastmanager:1.0.0] AndroidManifest.xml:17:1-22:12
MERGED from [androidx.print:print:1.0.0] AndroidManifest.xml:17:1-22:12
MERGED from [androidx.lifecycle:lifecycle-viewmodel:2.0.0] AndroidManifest.xml:17:1-22:12
MERGED from [androidx.lifecycle:lifecycle-livedata:2.0.0] AndroidManifest.xml:17:1-22:12
MERGED from [androidx.lifecycle:lifecycle-livedata-core:2.0.0] AndroidManifest.xml:17:1-22:12
MERGED from [androidx.arch.core:core-runtime:2.0.0] AndroidManifest.xml:17:1-22:12
INJECTED from src\main\AndroidManifest.xml:2:1-113:12
INJECTED from src\main\AndroidManifest.xml:2:1-113:12
INJECTED from src\main\AndroidManifest.xml:2:1-113:12
	package
		ADDED from src\main\AndroidManifest.xml:4:5-40
		INJECTED from src\main\AndroidManifest.xml
		INJECTED from src\main\AndroidManifest.xml
	android:versionName
		INJECTED from src\main\AndroidManifest.xml
		ADDED from src\main\AndroidManifest.xml:2:1-113:12
		INJECTED from src\main\AndroidManifest.xml
	xmlns:tools
		ADDED from src\main\AndroidManifest.xml:3:5-51
	android:versionCode
		INJECTED from src\main\AndroidManifest.xml
		ADDED from src\main\AndroidManifest.xml:2:1-113:12
		INJECTED from src\main\AndroidManifest.xml
	xmlns:android
		ADDED from src\main\AndroidManifest.xml:2:11-69
uses-permission#android.permission.CAMERA
ADDED from src\main\AndroidManifest.xml:6:5-65
MERGED from [:registerlibrary] AndroidManifest.xml:12:5-65
MERGED from [:registerlibrary] AndroidManifest.xml:12:5-65
MERGED from [:gazelibrary] AndroidManifest.xml:12:5-65
MERGED from [:gazelibrary] AndroidManifest.xml:12:5-65
MERGED from [:identifylibrary] AndroidManifest.xml:12:5-65
MERGED from [:identifylibrary] AndroidManifest.xml:12:5-65
MERGED from [:drivermonitorlibrary] AndroidManifest.xml:12:5-65
MERGED from [:drivermonitorlibrary] AndroidManifest.xml:12:5-65
MERGED from [:attendancelibrary] AndroidManifest.xml:12:5-65
MERGED from [:attendancelibrary] AndroidManifest.xml:12:5-65
	android:name
		ADDED from src\main\AndroidManifest.xml:6:22-62
uses-permission#android.permission.INTERNET
ADDED from src\main\AndroidManifest.xml:7:5-67
MERGED from [:registerlibrary] AndroidManifest.xml:13:5-67
MERGED from [:registerlibrary] AndroidManifest.xml:13:5-67
MERGED from [:gazelibrary] AndroidManifest.xml:13:5-67
MERGED from [:gazelibrary] AndroidManifest.xml:13:5-67
MERGED from [:identifylibrary] AndroidManifest.xml:13:5-67
MERGED from [:identifylibrary] AndroidManifest.xml:13:5-67
MERGED from [:drivermonitorlibrary] AndroidManifest.xml:13:5-67
MERGED from [:drivermonitorlibrary] AndroidManifest.xml:13:5-67
MERGED from [:attendancelibrary] AndroidManifest.xml:13:5-67
MERGED from [:attendancelibrary] AndroidManifest.xml:13:5-67
	android:name
		ADDED from src\main\AndroidManifest.xml:7:22-64
uses-permission#android.permission.MOUNT_UNMOUNT_FILESYSTEMS
ADDED from src\main\AndroidManifest.xml:8:5-10:47
MERGED from [:registerlibrary] AndroidManifest.xml:14:5-16:47
MERGED from [:registerlibrary] AndroidManifest.xml:14:5-16:47
MERGED from [:gazelibrary] AndroidManifest.xml:14:5-16:47
MERGED from [:gazelibrary] AndroidManifest.xml:14:5-16:47
MERGED from [:identifylibrary] AndroidManifest.xml:14:5-16:47
MERGED from [:identifylibrary] AndroidManifest.xml:14:5-16:47
MERGED from [:drivermonitorlibrary] AndroidManifest.xml:14:5-16:47
MERGED from [:drivermonitorlibrary] AndroidManifest.xml:14:5-16:47
MERGED from [:attendancelibrary] AndroidManifest.xml:14:5-16:47
MERGED from [:attendancelibrary] AndroidManifest.xml:14:5-16:47
MERGED from [:financelibrary] AndroidManifest.xml:12:5-84
MERGED from [:financelibrary] AndroidManifest.xml:12:5-84
MERGED from [:gatelibrary] AndroidManifest.xml:14:5-84
MERGED from [:gatelibrary] AndroidManifest.xml:14:5-84
MERGED from [:paymentlibrary] AndroidManifest.xml:13:5-84
MERGED from [:paymentlibrary] AndroidManifest.xml:13:5-84
MERGED from [:attrbutelibrary] AndroidManifest.xml:14:5-84
MERGED from [:attrbutelibrary] AndroidManifest.xml:14:5-84
MERGED from [:settinglibrary] AndroidManifest.xml:14:5-84
MERGED from [:settinglibrary] AndroidManifest.xml:14:5-84
	tools:ignore
		ADDED from src\main\AndroidManifest.xml:10:9-44
	android:name
		ADDED from src\main\AndroidManifest.xml:9:9-68
uses-permission#android.permission.WRITE_EXTERNAL_STORAGE
ADDED from src\main\AndroidManifest.xml:11:5-81
MERGED from [:registerlibrary] AndroidManifest.xml:17:5-81
MERGED from [:registerlibrary] AndroidManifest.xml:17:5-81
MERGED from [:gazelibrary] AndroidManifest.xml:17:5-81
MERGED from [:gazelibrary] AndroidManifest.xml:17:5-81
MERGED from [:identifylibrary] AndroidManifest.xml:17:5-81
MERGED from [:identifylibrary] AndroidManifest.xml:17:5-81
MERGED from [:drivermonitorlibrary] AndroidManifest.xml:17:5-81
MERGED from [:drivermonitorlibrary] AndroidManifest.xml:17:5-81
MERGED from [:attendancelibrary] AndroidManifest.xml:17:5-81
MERGED from [:attendancelibrary] AndroidManifest.xml:17:5-81
MERGED from [:financelibrary] AndroidManifest.xml:11:5-81
MERGED from [:financelibrary] AndroidManifest.xml:11:5-81
MERGED from [:gatelibrary] AndroidManifest.xml:12:5-81
MERGED from [:gatelibrary] AndroidManifest.xml:12:5-81
MERGED from [:paymentlibrary] AndroidManifest.xml:11:5-81
MERGED from [:paymentlibrary] AndroidManifest.xml:11:5-81
MERGED from [:attrbutelibrary] AndroidManifest.xml:12:5-81
MERGED from [:attrbutelibrary] AndroidManifest.xml:12:5-81
MERGED from [:settinglibrary] AndroidManifest.xml:12:5-81
MERGED from [:settinglibrary] AndroidManifest.xml:12:5-81
	android:name
		ADDED from src\main\AndroidManifest.xml:11:22-78
uses-permission#android.permission.ACCESS_NETWORK_STATE
ADDED from src\main\AndroidManifest.xml:12:5-79
MERGED from [:registerlibrary] AndroidManifest.xml:18:5-79
MERGED from [:registerlibrary] AndroidManifest.xml:18:5-79
MERGED from [:gazelibrary] AndroidManifest.xml:18:5-79
MERGED from [:gazelibrary] AndroidManifest.xml:18:5-79
MERGED from [:identifylibrary] AndroidManifest.xml:18:5-79
MERGED from [:identifylibrary] AndroidManifest.xml:18:5-79
MERGED from [:drivermonitorlibrary] AndroidManifest.xml:18:5-79
MERGED from [:drivermonitorlibrary] AndroidManifest.xml:18:5-79
MERGED from [:attendancelibrary] AndroidManifest.xml:18:5-79
MERGED from [:attendancelibrary] AndroidManifest.xml:18:5-79
	android:name
		ADDED from src\main\AndroidManifest.xml:12:22-76
uses-permission#android.hardware.camera.autofocus
ADDED from src\main\AndroidManifest.xml:13:5-73
MERGED from [:registerlibrary] AndroidManifest.xml:19:5-73
MERGED from [:registerlibrary] AndroidManifest.xml:19:5-73
MERGED from [:gazelibrary] AndroidManifest.xml:19:5-73
MERGED from [:gazelibrary] AndroidManifest.xml:19:5-73
MERGED from [:identifylibrary] AndroidManifest.xml:19:5-73
MERGED from [:identifylibrary] AndroidManifest.xml:19:5-73
MERGED from [:drivermonitorlibrary] AndroidManifest.xml:19:5-73
MERGED from [:drivermonitorlibrary] AndroidManifest.xml:19:5-73
MERGED from [:attendancelibrary] AndroidManifest.xml:19:5-73
MERGED from [:attendancelibrary] AndroidManifest.xml:19:5-73
	android:name
		ADDED from src\main\AndroidManifest.xml:13:22-70
uses-permission#android.permission.WRITE_SETTINGS
ADDED from src\main\AndroidManifest.xml:14:5-16:47
MERGED from [:registerlibrary] AndroidManifest.xml:20:5-22:47
MERGED from [:registerlibrary] AndroidManifest.xml:20:5-22:47
MERGED from [:gazelibrary] AndroidManifest.xml:20:5-22:47
MERGED from [:gazelibrary] AndroidManifest.xml:20:5-22:47
MERGED from [:identifylibrary] AndroidManifest.xml:20:5-22:47
MERGED from [:identifylibrary] AndroidManifest.xml:20:5-22:47
MERGED from [:drivermonitorlibrary] AndroidManifest.xml:20:5-22:47
MERGED from [:drivermonitorlibrary] AndroidManifest.xml:20:5-22:47
MERGED from [:attendancelibrary] AndroidManifest.xml:20:5-22:47
MERGED from [:attendancelibrary] AndroidManifest.xml:20:5-22:47
	tools:ignore
		ADDED from src\main\AndroidManifest.xml:16:9-44
	android:name
		ADDED from src\main\AndroidManifest.xml:15:9-57
uses-permission#android.permission.READ_EXTERNAL_STORAGE
ADDED from src\main\AndroidManifest.xml:18:5-80
MERGED from [:registerlibrary] AndroidManifest.xml:24:5-80
MERGED from [:registerlibrary] AndroidManifest.xml:24:5-80
MERGED from [:gazelibrary] AndroidManifest.xml:24:5-80
MERGED from [:gazelibrary] AndroidManifest.xml:24:5-80
MERGED from [:identifylibrary] AndroidManifest.xml:24:5-80
MERGED from [:identifylibrary] AndroidManifest.xml:24:5-80
MERGED from [:drivermonitorlibrary] AndroidManifest.xml:24:5-80
MERGED from [:drivermonitorlibrary] AndroidManifest.xml:24:5-80
MERGED from [:attendancelibrary] AndroidManifest.xml:24:5-80
MERGED from [:attendancelibrary] AndroidManifest.xml:24:5-80
MERGED from [:financelibrary] AndroidManifest.xml:13:5-80
MERGED from [:financelibrary] AndroidManifest.xml:13:5-80
MERGED from [:gatelibrary] AndroidManifest.xml:17:5-80
MERGED from [:gatelibrary] AndroidManifest.xml:17:5-80
MERGED from [:paymentlibrary] AndroidManifest.xml:16:5-80
MERGED from [:paymentlibrary] AndroidManifest.xml:16:5-80
MERGED from [:attrbutelibrary] AndroidManifest.xml:16:5-80
MERGED from [:attrbutelibrary] AndroidManifest.xml:16:5-80
	android:name
		ADDED from src\main\AndroidManifest.xml:18:22-77
uses-permission#android.permission.GET_TASKS
ADDED from src\main\AndroidManifest.xml:19:5-68
MERGED from [:registerlibrary] AndroidManifest.xml:25:5-68
MERGED from [:registerlibrary] AndroidManifest.xml:25:5-68
MERGED from [:gazelibrary] AndroidManifest.xml:25:5-68
MERGED from [:gazelibrary] AndroidManifest.xml:25:5-68
MERGED from [:identifylibrary] AndroidManifest.xml:25:5-68
MERGED from [:identifylibrary] AndroidManifest.xml:25:5-68
MERGED from [:drivermonitorlibrary] AndroidManifest.xml:25:5-68
MERGED from [:drivermonitorlibrary] AndroidManifest.xml:25:5-68
MERGED from [:attendancelibrary] AndroidManifest.xml:25:5-68
MERGED from [:attendancelibrary] AndroidManifest.xml:25:5-68
	android:name
		ADDED from src\main\AndroidManifest.xml:19:22-65
uses-permission#android.permission.VIBRATE
ADDED from src\main\AndroidManifest.xml:20:5-66
MERGED from [:registerlibrary] AndroidManifest.xml:26:5-66
MERGED from [:registerlibrary] AndroidManifest.xml:26:5-66
MERGED from [:gazelibrary] AndroidManifest.xml:26:5-66
MERGED from [:gazelibrary] AndroidManifest.xml:26:5-66
MERGED from [:identifylibrary] AndroidManifest.xml:26:5-66
MERGED from [:identifylibrary] AndroidManifest.xml:26:5-66
MERGED from [:drivermonitorlibrary] AndroidManifest.xml:26:5-66
MERGED from [:drivermonitorlibrary] AndroidManifest.xml:26:5-66
MERGED from [:attendancelibrary] AndroidManifest.xml:26:5-66
MERGED from [:attendancelibrary] AndroidManifest.xml:26:5-66
	android:name
		ADDED from src\main\AndroidManifest.xml:20:22-63
uses-feature#android.hardware.camera
ADDED from src\main\AndroidManifest.xml:22:5-60
MERGED from [:registerlibrary] AndroidManifest.xml:28:5-60
MERGED from [:registerlibrary] AndroidManifest.xml:28:5-60
MERGED from [:gazelibrary] AndroidManifest.xml:28:5-60
MERGED from [:gazelibrary] AndroidManifest.xml:28:5-60
MERGED from [:identifylibrary] AndroidManifest.xml:28:5-60
MERGED from [:identifylibrary] AndroidManifest.xml:28:5-60
MERGED from [:drivermonitorlibrary] AndroidManifest.xml:28:5-60
MERGED from [:drivermonitorlibrary] AndroidManifest.xml:28:5-60
MERGED from [:attendancelibrary] AndroidManifest.xml:28:5-60
MERGED from [:attendancelibrary] AndroidManifest.xml:28:5-60
	android:name
		ADDED from src\main\AndroidManifest.xml:22:19-57
uses-feature#android.hardware.camera.autofocus
ADDED from src\main\AndroidManifest.xml:23:5-25:35
MERGED from [:registerlibrary] AndroidManifest.xml:29:5-31:35
MERGED from [:registerlibrary] AndroidManifest.xml:29:5-31:35
MERGED from [:gazelibrary] AndroidManifest.xml:29:5-31:35
MERGED from [:gazelibrary] AndroidManifest.xml:29:5-31:35
MERGED from [:identifylibrary] AndroidManifest.xml:29:5-31:35
MERGED from [:identifylibrary] AndroidManifest.xml:29:5-31:35
MERGED from [:drivermonitorlibrary] AndroidManifest.xml:29:5-31:35
MERGED from [:drivermonitorlibrary] AndroidManifest.xml:29:5-31:35
MERGED from [:attendancelibrary] AndroidManifest.xml:29:5-31:35
MERGED from [:attendancelibrary] AndroidManifest.xml:29:5-31:35
	android:required
		ADDED from src\main\AndroidManifest.xml:25:9-32
	android:name
		ADDED from src\main\AndroidManifest.xml:24:9-57
uses-feature#android.hardware.camera.front
ADDED from src\main\AndroidManifest.xml:26:5-28:35
MERGED from [:registerlibrary] AndroidManifest.xml:32:5-34:35
MERGED from [:registerlibrary] AndroidManifest.xml:32:5-34:35
MERGED from [:gazelibrary] AndroidManifest.xml:32:5-34:35
MERGED from [:gazelibrary] AndroidManifest.xml:32:5-34:35
MERGED from [:identifylibrary] AndroidManifest.xml:32:5-34:35
MERGED from [:identifylibrary] AndroidManifest.xml:32:5-34:35
MERGED from [:drivermonitorlibrary] AndroidManifest.xml:32:5-34:35
MERGED from [:drivermonitorlibrary] AndroidManifest.xml:32:5-34:35
MERGED from [:attendancelibrary] AndroidManifest.xml:32:5-34:35
MERGED from [:attendancelibrary] AndroidManifest.xml:32:5-34:35
	android:required
		ADDED from src\main\AndroidManifest.xml:28:9-32
	android:name
		ADDED from src\main\AndroidManifest.xml:27:9-53
uses-feature#android.hardware.camera.front.autofocus
ADDED from src\main\AndroidManifest.xml:29:5-31:35
MERGED from [:registerlibrary] AndroidManifest.xml:35:5-37:35
MERGED from [:registerlibrary] AndroidManifest.xml:35:5-37:35
MERGED from [:gazelibrary] AndroidManifest.xml:35:5-37:35
MERGED from [:gazelibrary] AndroidManifest.xml:35:5-37:35
MERGED from [:identifylibrary] AndroidManifest.xml:35:5-37:35
MERGED from [:identifylibrary] AndroidManifest.xml:35:5-37:35
MERGED from [:drivermonitorlibrary] AndroidManifest.xml:35:5-37:35
MERGED from [:drivermonitorlibrary] AndroidManifest.xml:35:5-37:35
MERGED from [:attendancelibrary] AndroidManifest.xml:35:5-37:35
MERGED from [:attendancelibrary] AndroidManifest.xml:35:5-37:35
	android:required
		ADDED from src\main\AndroidManifest.xml:31:9-32
	android:name
		ADDED from src\main\AndroidManifest.xml:30:9-63
application
ADDED from src\main\AndroidManifest.xml:33:5-111:19
MERGED from [:registerlibrary] AndroidManifest.xml:39:5-48:19
MERGED from [:registerlibrary] AndroidManifest.xml:39:5-48:19
MERGED from [:gazelibrary] AndroidManifest.xml:39:5-54:19
MERGED from [:gazelibrary] AndroidManifest.xml:39:5-54:19
MERGED from [:identifylibrary] AndroidManifest.xml:39:5-47:19
MERGED from [:identifylibrary] AndroidManifest.xml:39:5-47:19
MERGED from [:drivermonitorlibrary] AndroidManifest.xml:39:5-53:19
MERGED from [:drivermonitorlibrary] AndroidManifest.xml:39:5-53:19
MERGED from [:attendancelibrary] AndroidManifest.xml:39:5-47:19
MERGED from [:attendancelibrary] AndroidManifest.xml:39:5-47:19
MERGED from [:financelibrary] AndroidManifest.xml:15:5-22:19
MERGED from [:financelibrary] AndroidManifest.xml:15:5-22:19
MERGED from [:gatelibrary] AndroidManifest.xml:19:5-27:19
MERGED from [:gatelibrary] AndroidManifest.xml:19:5-27:19
MERGED from [:paymentlibrary] AndroidManifest.xml:18:5-26:19
MERGED from [:paymentlibrary] AndroidManifest.xml:18:5-26:19
MERGED from [:attrbutelibrary] AndroidManifest.xml:18:5-31:19
MERGED from [:attrbutelibrary] AndroidManifest.xml:18:5-31:19
MERGED from [androidx.constraintlayout:constraintlayout:1.1.3] AndroidManifest.xml:9:5-20
MERGED from [androidx.constraintlayout:constraintlayout:1.1.3] AndroidManifest.xml:9:5-20
MERGED from [:settinglibrary] AndroidManifest.xml:16:5-29:19
MERGED from [:settinglibrary] AndroidManifest.xml:16:5-29:19
MERGED from [me.jessyan:autosize:0.9.5] AndroidManifest.xml:11:5-17:19
MERGED from [me.jessyan:autosize:0.9.5] AndroidManifest.xml:11:5-17:19
MERGED from [:facelibrary] AndroidManifest.xml:11:5-15:19
MERGED from [:facelibrary] AndroidManifest.xml:11:5-15:19
MERGED from [FaceSDK_8.1_20230216-release.aar] AndroidManifest.xml:11:5-15:19
MERGED from [FaceSDK_8.1_20230216-release.aar] AndroidManifest.xml:11:5-15:19
MERGED from [androidx.core:core:1.0.1] AndroidManifest.xml:22:5-89
MERGED from [androidx.core:core:1.0.1] AndroidManifest.xml:22:5-89
MERGED from [androidx.versionedparcelable:versionedparcelable:1.0.0] AndroidManifest.xml:22:5-23:19
MERGED from [androidx.versionedparcelable:versionedparcelable:1.0.0] AndroidManifest.xml:22:5-23:19
	android:requestLegacyExternalStorage
		ADDED from src\main\AndroidManifest.xml:34:9-52
	android:appComponentFactory
		ADDED from [androidx.core:core:1.0.1] AndroidManifest.xml:22:18-86
	android:supportsRtl
		ADDED from [:facelibrary] AndroidManifest.xml:14:9-35
	android:label
		ADDED from [:facelibrary] AndroidManifest.xml:13:9-41
	tools:ignore
		ADDED from src\main\AndroidManifest.xml:37:9-48
	android:allowBackup
		ADDED from [:facelibrary] AndroidManifest.xml:12:9-36
	android:largeHeap
		ADDED from src\main\AndroidManifest.xml:36:9-33
	android:icon
		ADDED from src\main\AndroidManifest.xml:35:9-43
meta-data#design_width_in_dp
ADDED from src\main\AndroidManifest.xml:39:9-41:35
	android:value
		ADDED from src\main\AndroidManifest.xml:41:13-32
	android:name
		ADDED from src\main\AndroidManifest.xml:40:13-46
meta-data#design_height_in_dp
ADDED from src\main\AndroidManifest.xml:42:9-44:35
	android:value
		ADDED from src\main\AndroidManifest.xml:44:13-32
	android:name
		ADDED from src\main\AndroidManifest.xml:43:13-47
activity#com.baidu.idl.face.main.activity.start.HomeActivity
ADDED from src\main\AndroidManifest.xml:46:9-88
	android:name
		ADDED from src\main\AndroidManifest.xml:46:19-85
activity#com.baidu.idl.face.main.activity.start.ActivitionActivity
ADDED from src\main\AndroidManifest.xml:47:9-94
	android:name
		ADDED from src\main\AndroidManifest.xml:47:19-91
activity#com.baidu.idl.face.main.activity.start.StartSettingActivity
ADDED from src\main\AndroidManifest.xml:48:9-96
	android:name
		ADDED from src\main\AndroidManifest.xml:48:19-93
activity#com.baidu.idl.face.main.activity.start.StartActivity
ADDED from src\main\AndroidManifest.xml:49:9-58:20
	android:launchMode
		ADDED from src\main\AndroidManifest.xml:51:13-43
	android:theme
		ADDED from src\main\AndroidManifest.xml:52:13-49
	android:name
		ADDED from src\main\AndroidManifest.xml:50:13-80
intent-filter#action:name:android.intent.action.MAIN+category:name:android.intent.category.LAUNCHER
ADDED from src\main\AndroidManifest.xml:53:13-57:29
action#android.intent.action.MAIN
ADDED from src\main\AndroidManifest.xml:54:17-69
	android:name
		ADDED from src\main\AndroidManifest.xml:54:25-66
category#android.intent.category.LAUNCHER
ADDED from src\main\AndroidManifest.xml:56:17-77
	android:name
		ADDED from src\main\AndroidManifest.xml:56:27-74
activity#com.baidu.liantian.LiantianActivity
ADDED from src\main\AndroidManifest.xml:60:9-72:20
	android:excludeFromRecents
		ADDED from src\main\AndroidManifest.xml:62:13-46
	android:launchMode
		ADDED from src\main\AndroidManifest.xml:64:13-42
	android:exported
		ADDED from src\main\AndroidManifest.xml:63:13-36
	android:theme
		ADDED from src\main\AndroidManifest.xml:65:13-61
	android:name
		ADDED from src\main\AndroidManifest.xml:61:13-63
intent-filter#action:name:com.baidu.action.Liantian.VIEW+category:name:android.intent.category.DEFAULT+category:name:com.baidu.category.liantian
ADDED from src\main\AndroidManifest.xml:66:13-71:29
action#com.baidu.action.Liantian.VIEW
ADDED from src\main\AndroidManifest.xml:67:17-73
	android:name
		ADDED from src\main\AndroidManifest.xml:67:25-70
category#com.baidu.category.liantian
ADDED from src\main\AndroidManifest.xml:69:17-72
	android:name
		ADDED from src\main\AndroidManifest.xml:69:27-69
category#android.intent.category.DEFAULT
ADDED from src\main\AndroidManifest.xml:70:17-76
	android:name
		ADDED from src\main\AndroidManifest.xml:70:27-73
uses-sdk
INJECTED from src\main\AndroidManifest.xml reason: use-sdk injection requested
INJECTED from src\main\AndroidManifest.xml
INJECTED from src\main\AndroidManifest.xml
MERGED from [:registerlibrary] AndroidManifest.xml:8:5-10:41
MERGED from [:registerlibrary] AndroidManifest.xml:8:5-10:41
MERGED from [:gazelibrary] AndroidManifest.xml:8:5-10:41
MERGED from [:gazelibrary] AndroidManifest.xml:8:5-10:41
MERGED from [:identifylibrary] AndroidManifest.xml:8:5-10:41
MERGED from [:identifylibrary] AndroidManifest.xml:8:5-10:41
MERGED from [:drivermonitorlibrary] AndroidManifest.xml:8:5-10:41
MERGED from [:drivermonitorlibrary] AndroidManifest.xml:8:5-10:41
MERGED from [:attendancelibrary] AndroidManifest.xml:8:5-10:41
MERGED from [:attendancelibrary] AndroidManifest.xml:8:5-10:41
MERGED from [:financelibrary] AndroidManifest.xml:7:5-9:41
MERGED from [:financelibrary] AndroidManifest.xml:7:5-9:41
MERGED from [:gatelibrary] AndroidManifest.xml:7:5-9:41
MERGED from [:gatelibrary] AndroidManifest.xml:7:5-9:41
MERGED from [:paymentlibrary] AndroidManifest.xml:7:5-9:41
MERGED from [:paymentlibrary] AndroidManifest.xml:7:5-9:41
MERGED from [:attrbutelibrary] AndroidManifest.xml:7:5-9:41
MERGED from [:attrbutelibrary] AndroidManifest.xml:7:5-9:41
MERGED from [androidx.constraintlayout:constraintlayout:1.1.3] AndroidManifest.xml:5:5-7:41
MERGED from [androidx.constraintlayout:constraintlayout:1.1.3] AndroidManifest.xml:5:5-7:41
MERGED from [:face-sdk-library] AndroidManifest.xml:7:5-9:41
MERGED from [:face-sdk-library] AndroidManifest.xml:7:5-9:41
MERGED from [:settinglibrary] AndroidManifest.xml:7:5-9:41
MERGED from [:settinglibrary] AndroidManifest.xml:7:5-9:41
MERGED from [:datalibrary] AndroidManifest.xml:7:5-9:41
MERGED from [:datalibrary] AndroidManifest.xml:7:5-9:41
MERGED from [androidx.appcompat:appcompat:1.0.2] AndroidManifest.xml:20:5-44
MERGED from [androidx.appcompat:appcompat:1.0.2] AndroidManifest.xml:20:5-44
MERGED from [androidx.recyclerview:recyclerview:1.0.0] AndroidManifest.xml:20:5-44
MERGED from [androidx.recyclerview:recyclerview:1.0.0] AndroidManifest.xml:20:5-44
MERGED from [me.jessyan:autosize:0.9.5] AndroidManifest.xml:7:5-9:41
MERGED from [me.jessyan:autosize:0.9.5] AndroidManifest.xml:7:5-9:41
MERGED from [:facelibrary] AndroidManifest.xml:7:5-9:41
MERGED from [:facelibrary] AndroidManifest.xml:7:5-9:41
MERGED from [orbbec_module-debug.aar] AndroidManifest.xml:7:5-9:41
MERGED from [orbbec_module-debug.aar] AndroidManifest.xml:7:5-9:41
MERGED from [ImiSDK.aar] AndroidManifest.xml:7:5-9:41
MERGED from [ImiSDK.aar] AndroidManifest.xml:7:5-9:41
MERGED from [deptrumSDK.aar] AndroidManifest.xml:7:5-9:41
MERGED from [deptrumSDK.aar] AndroidManifest.xml:7:5-9:41
MERGED from [opencv.aar] AndroidManifest.xml:7:5-9:41
MERGED from [opencv.aar] AndroidManifest.xml:7:5-9:41
MERGED from [FaceSDK_8.1_20230216-release.aar] AndroidManifest.xml:7:5-9:41
MERGED from [FaceSDK_8.1_20230216-release.aar] AndroidManifest.xml:7:5-9:41
MERGED from [androidx.fragment:fragment:1.0.0] AndroidManifest.xml:20:5-44
MERGED from [androidx.fragment:fragment:1.0.0] AndroidManifest.xml:20:5-44
MERGED from [androidx.vectordrawable:vectordrawable-animated:1.0.0] AndroidManifest.xml:20:5-44
MERGED from [androidx.vectordrawable:vectordrawable-animated:1.0.0] AndroidManifest.xml:20:5-44
MERGED from [androidx.legacy:legacy-support-core-ui:1.0.0] AndroidManifest.xml:20:5-44
MERGED from [androidx.legacy:legacy-support-core-ui:1.0.0] AndroidManifest.xml:20:5-44
MERGED from [androidx.legacy:legacy-support-core-utils:1.0.0] AndroidManifest.xml:20:5-44
MERGED from [androidx.legacy:legacy-support-core-utils:1.0.0] AndroidManifest.xml:20:5-44
MERGED from [androidx.vectordrawable:vectordrawable:1.0.1] AndroidManifest.xml:20:5-44
MERGED from [androidx.vectordrawable:vectordrawable:1.0.1] AndroidManifest.xml:20:5-44
MERGED from [androidx.viewpager:viewpager:1.0.0] AndroidManifest.xml:20:5-44
MERGED from [androidx.viewpager:viewpager:1.0.0] AndroidManifest.xml:20:5-44
MERGED from [androidx.coordinatorlayout:coordinatorlayout:1.0.0] AndroidManifest.xml:20:5-44
MERGED from [androidx.coordinatorlayout:coordinatorlayout:1.0.0] AndroidManifest.xml:20:5-44
MERGED from [androidx.drawerlayout:drawerlayout:1.0.0] AndroidManifest.xml:20:5-44
MERGED from [androidx.drawerlayout:drawerlayout:1.0.0] AndroidManifest.xml:20:5-44
MERGED from [androidx.slidingpanelayout:slidingpanelayout:1.0.0] AndroidManifest.xml:20:5-44
MERGED from [androidx.slidingpanelayout:slidingpanelayout:1.0.0] AndroidManifest.xml:20:5-44
MERGED from [androidx.customview:customview:1.0.0] AndroidManifest.xml:20:5-44
MERGED from [androidx.customview:customview:1.0.0] AndroidManifest.xml:20:5-44
MERGED from [androidx.swiperefreshlayout:swiperefreshlayout:1.0.0] AndroidManifest.xml:20:5-44
MERGED from [androidx.swiperefreshlayout:swiperefreshlayout:1.0.0] AndroidManifest.xml:20:5-44
MERGED from [androidx.asynclayoutinflater:asynclayoutinflater:1.0.0] AndroidManifest.xml:20:5-44
MERGED from [androidx.asynclayoutinflater:asynclayoutinflater:1.0.0] AndroidManifest.xml:20:5-44
MERGED from [androidx.loader:loader:1.0.0] AndroidManifest.xml:20:5-44
MERGED from [androidx.loader:loader:1.0.0] AndroidManifest.xml:20:5-44
MERGED from [androidx.core:core:1.0.1] AndroidManifest.xml:20:5-44
MERGED from [androidx.core:core:1.0.1] AndroidManifest.xml:20:5-44
MERGED from [androidx.versionedparcelable:versionedparcelable:1.0.0] AndroidManifest.xml:20:5-44
MERGED from [androidx.versionedparcelable:versionedparcelable:1.0.0] AndroidManifest.xml:20:5-44
MERGED from [androidx.cursoradapter:cursoradapter:1.0.0] AndroidManifest.xml:20:5-44
MERGED from [androidx.cursoradapter:cursoradapter:1.0.0] AndroidManifest.xml:20:5-44
MERGED from [androidx.interpolator:interpolator:1.0.0] AndroidManifest.xml:20:5-44
MERGED from [androidx.interpolator:interpolator:1.0.0] AndroidManifest.xml:20:5-44
MERGED from [androidx.lifecycle:lifecycle-runtime:2.0.0] AndroidManifest.xml:20:5-44
MERGED from [androidx.lifecycle:lifecycle-runtime:2.0.0] AndroidManifest.xml:20:5-44
MERGED from [androidx.documentfile:documentfile:1.0.0] AndroidManifest.xml:20:5-44
MERGED from [androidx.documentfile:documentfile:1.0.0] AndroidManifest.xml:20:5-44
MERGED from [androidx.localbroadcastmanager:localbroadcastmanager:1.0.0] AndroidManifest.xml:20:5-44
MERGED from [androidx.localbroadcastmanager:localbroadcastmanager:1.0.0] AndroidManifest.xml:20:5-44
MERGED from [androidx.print:print:1.0.0] AndroidManifest.xml:20:5-44
MERGED from [androidx.print:print:1.0.0] AndroidManifest.xml:20:5-44
MERGED from [androidx.lifecycle:lifecycle-viewmodel:2.0.0] AndroidManifest.xml:20:5-44
MERGED from [androidx.lifecycle:lifecycle-viewmodel:2.0.0] AndroidManifest.xml:20:5-44
MERGED from [androidx.lifecycle:lifecycle-livedata:2.0.0] AndroidManifest.xml:20:5-44
MERGED from [androidx.lifecycle:lifecycle-livedata:2.0.0] AndroidManifest.xml:20:5-44